[0.254s] DEBUG:colcon:Command line arguments: ['/usr/bin/colcon', 'build', '--packages-select', 'sbr_pkg']
[0.254s] DEBUG:colcon:Parsed command line arguments: Namespace(log_base=None, log_level=None, verb_name='build', build_base='build', install_base='install', merge_install=False, symlink_install=False, test_result_base=None, continue_on_error=False, executor='parallel', parallel_workers=16, event_handlers=None, ignore_user_meta=False, metas=['./colcon.meta'], base_paths=['.'], packages_ignore=None, packages_ignore_regex=None, paths=None, packages_up_to=None, packages_up_to_regex=None, packages_above=None, packages_above_and_dependencies=None, packages_above_depth=None, packages_select_by_dep=None, packages_skip_by_dep=None, packages_skip_up_to=None, packages_select_build_failed=False, packages_skip_build_finished=False, packages_select_test_failures=False, packages_skip_test_passed=False, packages_select=['sbr_pkg'], packages_skip=None, packages_select_regex=None, packages_skip_regex=None, packages_start=None, packages_end=None, allow_overriding=[], cmake_args=None, cmake_target=None, cmake_target_skip_unavailable=False, cmake_clean_cache=False, cmake_clean_first=False, cmake_force_configure=False, ament_cmake_args=None, catkin_cmake_args=None, catkin_skip_building_tests=False, verb_parser=<colcon_defaults.argument_parser.defaults.DefaultArgumentsDecorator object at 0x7f70d111b7f0>, verb_extension=<colcon_core.verb.build.BuildVerb object at 0x7f70d1b8dbd0>, main=<bound method BuildVerb.main of <colcon_core.verb.build.BuildVerb object at 0x7f70d1b8dbd0>>)
[0.272s] Level 1:colcon.colcon_core.package_discovery:discover_packages(colcon_meta) check parameters
[0.272s] Level 1:colcon.colcon_core.package_discovery:discover_packages(recursive) check parameters
[0.272s] Level 1:colcon.colcon_core.package_discovery:discover_packages(ignore) check parameters
[0.272s] Level 1:colcon.colcon_core.package_discovery:discover_packages(path) check parameters
[0.272s] Level 1:colcon.colcon_core.package_discovery:discover_packages(colcon_meta) discover
[0.273s] Level 1:colcon.colcon_core.package_discovery:discover_packages(recursive) discover
[0.273s] INFO:colcon.colcon_core.package_discovery:Crawling recursively for packages in '/home/rob/dev_ws/src/sbr_pkg'
[0.273s] Level 1:colcon.colcon_core.package_identification:_identify(.) by extensions ['ignore', 'ignore_ament_install']
[0.273s] Level 1:colcon.colcon_core.package_identification:_identify(.) by extension 'ignore'
[0.273s] Level 1:colcon.colcon_core.package_identification:_identify(.) by extension 'ignore_ament_install'
[0.273s] Level 1:colcon.colcon_core.package_identification:_identify(.) by extensions ['colcon_pkg']
[0.273s] Level 1:colcon.colcon_core.package_identification:_identify(.) by extension 'colcon_pkg'
[0.273s] Level 1:colcon.colcon_core.package_identification:_identify(.) by extensions ['colcon_meta']
[0.273s] Level 1:colcon.colcon_core.package_identification:_identify(.) by extension 'colcon_meta'
[0.273s] Level 1:colcon.colcon_core.package_identification:_identify(.) by extensions ['ros']
[0.273s] Level 1:colcon.colcon_core.package_identification:_identify(.) by extension 'ros'
[0.284s] DEBUG:colcon.colcon_core.package_identification:Package '.' with type 'ros.ament_python' and name 'sbr_pkg'
[0.284s] Level 1:colcon.colcon_core.package_discovery:discover_packages(recursive) using defaults
[0.284s] Level 1:colcon.colcon_core.package_discovery:discover_packages(ignore) discover
[0.284s] Level 1:colcon.colcon_core.package_discovery:discover_packages(ignore) using defaults
[0.284s] Level 1:colcon.colcon_core.package_discovery:discover_packages(path) discover
[0.284s] Level 1:colcon.colcon_core.package_discovery:discover_packages(path) using defaults
[0.302s] Level 1:colcon.colcon_core.package_discovery:discover_packages(prefix_path) check parameters
[0.302s] Level 1:colcon.colcon_core.package_discovery:discover_packages(prefix_path) discover
[0.305s] DEBUG:colcon.colcon_installed_package_information.package_discovery:Found 1 installed packages in /home/rob/dev_ws/install
[0.306s] DEBUG:colcon.colcon_installed_package_information.package_discovery:Found 38 installed packages in /home/rob/bookros2_ws/install
[0.308s] DEBUG:colcon.colcon_installed_package_information.package_discovery:Found 381 installed packages in /opt/ros/humble
[0.309s] Level 1:colcon.colcon_core.package_discovery:discover_packages(prefix_path) using defaults
[0.362s] Level 5:colcon.colcon_core.verb:set package 'sbr_pkg' build argument 'cmake_args' from command line to 'None'
[0.362s] Level 5:colcon.colcon_core.verb:set package 'sbr_pkg' build argument 'cmake_target' from command line to 'None'
[0.362s] Level 5:colcon.colcon_core.verb:set package 'sbr_pkg' build argument 'cmake_target_skip_unavailable' from command line to 'False'
[0.362s] Level 5:colcon.colcon_core.verb:set package 'sbr_pkg' build argument 'cmake_clean_cache' from command line to 'False'
[0.362s] Level 5:colcon.colcon_core.verb:set package 'sbr_pkg' build argument 'cmake_clean_first' from command line to 'False'
[0.362s] Level 5:colcon.colcon_core.verb:set package 'sbr_pkg' build argument 'cmake_force_configure' from command line to 'False'
[0.362s] Level 5:colcon.colcon_core.verb:set package 'sbr_pkg' build argument 'ament_cmake_args' from command line to 'None'
[0.362s] Level 5:colcon.colcon_core.verb:set package 'sbr_pkg' build argument 'catkin_cmake_args' from command line to 'None'
[0.362s] Level 5:colcon.colcon_core.verb:set package 'sbr_pkg' build argument 'catkin_skip_building_tests' from command line to 'False'
[0.362s] DEBUG:colcon.colcon_core.verb:Building package 'sbr_pkg' with the following arguments: {'ament_cmake_args': None, 'build_base': '/home/rob/dev_ws/src/sbr_pkg/build/sbr_pkg', 'catkin_cmake_args': None, 'catkin_skip_building_tests': False, 'cmake_args': None, 'cmake_clean_cache': False, 'cmake_clean_first': False, 'cmake_force_configure': False, 'cmake_target': None, 'cmake_target_skip_unavailable': False, 'install_base': '/home/rob/dev_ws/src/sbr_pkg/install/sbr_pkg', 'merge_install': False, 'path': '/home/rob/dev_ws/src/sbr_pkg', 'symlink_install': False, 'test_result_base': None}
[0.363s] INFO:colcon.colcon_core.executor:Executing jobs using 'parallel' executor
[0.366s] DEBUG:colcon.colcon_parallel_executor.executor.parallel:run_until_complete
[0.366s] INFO:colcon.colcon_ros.task.ament_python.build:Building ROS package in '/home/rob/dev_ws/src/sbr_pkg' with build type 'ament_python'
[0.366s] Level 1:colcon.colcon_core.shell:create_environment_hook('sbr_pkg', 'ament_prefix_path')
[0.369s] INFO:colcon.colcon_core.plugin_system:Skipping extension 'colcon_core.shell.bat': Not used on non-Windows systems
[0.370s] INFO:colcon.colcon_core.shell:Creating environment hook '/home/rob/dev_ws/src/sbr_pkg/install/sbr_pkg/share/sbr_pkg/hook/ament_prefix_path.ps1'
[0.370s] INFO:colcon.colcon_core.shell:Creating environment descriptor '/home/rob/dev_ws/src/sbr_pkg/install/sbr_pkg/share/sbr_pkg/hook/ament_prefix_path.dsv'
[0.370s] INFO:colcon.colcon_core.shell:Creating environment hook '/home/rob/dev_ws/src/sbr_pkg/install/sbr_pkg/share/sbr_pkg/hook/ament_prefix_path.sh'
[0.372s] INFO:colcon.colcon_core.shell:Skip shell extension 'powershell' for command environment: Not usable outside of PowerShell
[0.372s] DEBUG:colcon.colcon_core.shell:Skip shell extension 'dsv' for command environment
[0.587s] INFO:colcon.colcon_core.task.python.build:Building Python package in '/home/rob/dev_ws/src/sbr_pkg'
[0.589s] INFO:colcon.colcon_core.shell:Skip shell extension 'powershell' for command environment: Not usable outside of PowerShell
[0.589s] DEBUG:colcon.colcon_core.shell:Skip shell extension 'dsv' for command environment
[0.887s] DEBUG:colcon.colcon_core.event_handler.log_command:Invoking command in '/home/rob/dev_ws/src/sbr_pkg': PYTHONPATH=/home/rob/dev_ws/src/sbr_pkg/build/sbr_pkg/prefix_override:/home/rob/dev_ws/src/sbr_pkg/install/sbr_pkg/lib/python3.10/site-packages:${PYTHONPATH} /usr/bin/python3 setup.py egg_info --egg-base build/sbr_pkg build --build-base /home/rob/dev_ws/src/sbr_pkg/build/sbr_pkg/build install --record /home/rob/dev_ws/src/sbr_pkg/build/sbr_pkg/install.log --single-version-externally-managed
[1.126s] DEBUG:colcon.colcon_core.event_handler.log_command:Invoked command in '/home/rob/dev_ws/src/sbr_pkg' returned '0': PYTHONPATH=/home/rob/dev_ws/src/sbr_pkg/build/sbr_pkg/prefix_override:/home/rob/dev_ws/src/sbr_pkg/install/sbr_pkg/lib/python3.10/site-packages:${PYTHONPATH} /usr/bin/python3 setup.py egg_info --egg-base build/sbr_pkg build --build-base /home/rob/dev_ws/src/sbr_pkg/build/sbr_pkg/build install --record /home/rob/dev_ws/src/sbr_pkg/build/sbr_pkg/install.log --single-version-externally-managed
[1.133s] Level 1:colcon.colcon_core.environment:checking '/home/rob/dev_ws/src/sbr_pkg/install/sbr_pkg' for CMake module files
[1.134s] Level 1:colcon.colcon_core.environment:checking '/home/rob/dev_ws/src/sbr_pkg/install/sbr_pkg' for CMake config files
[1.135s] Level 1:colcon.colcon_core.environment:checking '/home/rob/dev_ws/src/sbr_pkg/install/sbr_pkg/lib'
[1.135s] Level 1:colcon.colcon_core.environment:checking '/home/rob/dev_ws/src/sbr_pkg/install/sbr_pkg/bin'
[1.135s] Level 1:colcon.colcon_core.environment:checking '/home/rob/dev_ws/src/sbr_pkg/install/sbr_pkg/lib/pkgconfig/sbr_pkg.pc'
[1.136s] Level 1:colcon.colcon_core.environment:checking '/home/rob/dev_ws/src/sbr_pkg/install/sbr_pkg/lib/python3.10/site-packages'
[1.136s] Level 1:colcon.colcon_core.shell:create_environment_hook('sbr_pkg', 'pythonpath')
[1.138s] INFO:colcon.colcon_core.shell:Creating environment hook '/home/rob/dev_ws/src/sbr_pkg/install/sbr_pkg/share/sbr_pkg/hook/pythonpath.ps1'
[1.139s] INFO:colcon.colcon_core.shell:Creating environment descriptor '/home/rob/dev_ws/src/sbr_pkg/install/sbr_pkg/share/sbr_pkg/hook/pythonpath.dsv'
[1.140s] INFO:colcon.colcon_core.shell:Creating environment hook '/home/rob/dev_ws/src/sbr_pkg/install/sbr_pkg/share/sbr_pkg/hook/pythonpath.sh'
[1.141s] Level 1:colcon.colcon_core.environment:checking '/home/rob/dev_ws/src/sbr_pkg/install/sbr_pkg/bin'
[1.141s] Level 1:colcon.colcon_core.environment:create_environment_scripts_only(sbr_pkg)
[1.143s] INFO:colcon.colcon_core.shell:Creating package script '/home/rob/dev_ws/src/sbr_pkg/install/sbr_pkg/share/sbr_pkg/package.ps1'
[1.145s] INFO:colcon.colcon_core.shell:Creating package descriptor '/home/rob/dev_ws/src/sbr_pkg/install/sbr_pkg/share/sbr_pkg/package.dsv'
[1.146s] INFO:colcon.colcon_core.shell:Creating package script '/home/rob/dev_ws/src/sbr_pkg/install/sbr_pkg/share/sbr_pkg/package.sh'
[1.147s] INFO:colcon.colcon_core.shell:Creating package script '/home/rob/dev_ws/src/sbr_pkg/install/sbr_pkg/share/sbr_pkg/package.bash'
[1.149s] INFO:colcon.colcon_core.shell:Creating package script '/home/rob/dev_ws/src/sbr_pkg/install/sbr_pkg/share/sbr_pkg/package.zsh'
[1.150s] Level 1:colcon.colcon_core.environment:create_file_with_runtime_dependencies(/home/rob/dev_ws/src/sbr_pkg/install/sbr_pkg/share/colcon-core/packages/sbr_pkg)
[1.150s] DEBUG:colcon.colcon_parallel_executor.executor.parallel:closing loop
[1.151s] DEBUG:colcon.colcon_parallel_executor.executor.parallel:loop closed
[1.151s] DEBUG:colcon.colcon_parallel_executor.executor.parallel:run_until_complete finished with '0'
[1.151s] DEBUG:colcon.colcon_core.event_reactor:joining thread
[1.160s] INFO:colcon.colcon_core.plugin_system:Skipping extension 'colcon_notification.desktop_notification.terminal_notifier': Not used on non-Darwin systems
[1.160s] INFO:colcon.colcon_core.plugin_system:Skipping extension 'colcon_notification.desktop_notification.win32': Not used on non-Windows systems
[1.161s] INFO:colcon.colcon_notification.desktop_notification:Sending desktop notification using 'notify2'
[1.179s] DEBUG:colcon.colcon_core.event_reactor:joined thread
[1.181s] INFO:colcon.colcon_core.shell:Creating prefix script '/home/rob/dev_ws/src/sbr_pkg/install/local_setup.ps1'
[1.182s] INFO:colcon.colcon_core.shell:Creating prefix util module '/home/rob/dev_ws/src/sbr_pkg/install/_local_setup_util_ps1.py'
[1.184s] INFO:colcon.colcon_core.shell:Creating prefix chain script '/home/rob/dev_ws/src/sbr_pkg/install/setup.ps1'
[1.190s] INFO:colcon.colcon_core.shell:Creating prefix script '/home/rob/dev_ws/src/sbr_pkg/install/local_setup.sh'
[1.191s] INFO:colcon.colcon_core.shell:Creating prefix util module '/home/rob/dev_ws/src/sbr_pkg/install/_local_setup_util_sh.py'
[1.192s] INFO:colcon.colcon_core.shell:Creating prefix chain script '/home/rob/dev_ws/src/sbr_pkg/install/setup.sh'
[1.196s] INFO:colcon.colcon_core.shell:Creating prefix script '/home/rob/dev_ws/src/sbr_pkg/install/local_setup.bash'
[1.197s] INFO:colcon.colcon_core.shell:Creating prefix chain script '/home/rob/dev_ws/src/sbr_pkg/install/setup.bash'
[1.199s] INFO:colcon.colcon_core.shell:Creating prefix script '/home/rob/dev_ws/src/sbr_pkg/install/local_setup.zsh'
[1.199s] INFO:colcon.colcon_core.shell:Creating prefix chain script '/home/rob/dev_ws/src/sbr_pkg/install/setup.zsh'
