[0.513s] Invoking command in '/home/rob/dev_ws/src/sbr_pkg': PYTHONPATH=/home/rob/dev_ws/src/sbr_pkg/build/sbr_pkg/prefix_override:/home/rob/dev_ws/src/sbr_pkg/install/sbr_pkg/lib/python3.10/site-packages:${PYTHONPATH} /usr/bin/python3 setup.py egg_info --egg-base build/sbr_pkg build --build-base /home/rob/dev_ws/src/sbr_pkg/build/sbr_pkg/build install --record /home/rob/dev_ws/src/sbr_pkg/build/sbr_pkg/install.log --single-version-externally-managed
[0.699s] running egg_info
[0.701s] writing build/sbr_pkg/sbr_pkg.egg-info/PKG-INFO
[0.702s] writing dependency_links to build/sbr_pkg/sbr_pkg.egg-info/dependency_links.txt
[0.702s] writing entry points to build/sbr_pkg/sbr_pkg.egg-info/entry_points.txt
[0.702s] writing requirements to build/sbr_pkg/sbr_pkg.egg-info/requires.txt
[0.702s] writing top-level names to build/sbr_pkg/sbr_pkg.egg-info/top_level.txt
[0.704s] reading manifest file 'build/sbr_pkg/sbr_pkg.egg-info/SOURCES.txt'
[0.705s] writing manifest file 'build/sbr_pkg/sbr_pkg.egg-info/SOURCES.txt'
[0.705s] running build
[0.705s] running build_py
[0.706s] copying sbr_pkg/control.py -> /home/rob/dev_ws/src/sbr_pkg/build/sbr_pkg/build/lib/sbr_pkg
[0.706s] /usr/lib/python3/dist-packages/setuptools/command/install.py:34: SetuptoolsDeprecationWarning: setup.py install is deprecated. Use build and pip and other standards-based tools.
[0.706s]   warnings.warn(
[0.706s] running install
[0.706s] running install_lib
[0.706s] copying /home/rob/dev_ws/src/sbr_pkg/build/sbr_pkg/build/lib/sbr_pkg/control.py -> /home/rob/dev_ws/src/sbr_pkg/install/sbr_pkg/lib/python3.10/site-packages/sbr_pkg
[0.707s] byte-compiling /home/rob/dev_ws/src/sbr_pkg/install/sbr_pkg/lib/python3.10/site-packages/sbr_pkg/control.py to control.cpython-310.pyc
[0.708s] running install_data
[0.709s] copying launch/sim.launch.py -> /home/rob/dev_ws/src/sbr_pkg/install/sbr_pkg/share/sbr_pkg/launch
[0.709s] copying urdf/two_wheeled_copied.xacro -> /home/rob/dev_ws/src/sbr_pkg/install/sbr_pkg/share/sbr_pkg/urdf
[0.709s] copying urdf/two_wheeled.xacro -> /home/rob/dev_ws/src/sbr_pkg/install/sbr_pkg/share/sbr_pkg/urdf
[0.709s] running install_egg_info
[0.710s] removing '/home/rob/dev_ws/src/sbr_pkg/install/sbr_pkg/lib/python3.10/site-packages/sbr_pkg-0.0.0-py3.10.egg-info' (and everything under it)
[0.711s] Copying build/sbr_pkg/sbr_pkg.egg-info to /home/rob/dev_ws/src/sbr_pkg/install/sbr_pkg/lib/python3.10/site-packages/sbr_pkg-0.0.0-py3.10.egg-info
[0.711s] running install_scripts
[0.727s] Installing control script to /home/rob/dev_ws/src/sbr_pkg/install/sbr_pkg/lib/sbr_pkg
[0.727s] Installing simple_sub script to /home/rob/dev_ws/src/sbr_pkg/install/sbr_pkg/lib/sbr_pkg
[0.727s] writing list of installed files to '/home/rob/dev_ws/src/sbr_pkg/build/sbr_pkg/install.log'
[0.755s] Invoked command in '/home/rob/dev_ws/src/sbr_pkg' returned '0': PYTHONPATH=/home/rob/dev_ws/src/sbr_pkg/build/sbr_pkg/prefix_override:/home/rob/dev_ws/src/sbr_pkg/install/sbr_pkg/lib/python3.10/site-packages:${PYTHONPATH} /usr/bin/python3 setup.py egg_info --egg-base build/sbr_pkg build --build-base /home/rob/dev_ws/src/sbr_pkg/build/sbr_pkg/build install --record /home/rob/dev_ws/src/sbr_pkg/build/sbr_pkg/install.log --single-version-externally-managed
