/home/rob/dev_ws/src/sbr_pkg/install/sbr_pkg/lib/python3.10/site-packages/sbr_pkg/simple_subscriber.py
/home/rob/dev_ws/src/sbr_pkg/install/sbr_pkg/lib/python3.10/site-packages/sbr_pkg/__init__.py
/home/rob/dev_ws/src/sbr_pkg/install/sbr_pkg/lib/python3.10/site-packages/sbr_pkg/control.py
/home/rob/dev_ws/src/sbr_pkg/install/sbr_pkg/lib/python3.10/site-packages/sbr_pkg/__pycache__/simple_subscriber.cpython-310.pyc
/home/rob/dev_ws/src/sbr_pkg/install/sbr_pkg/lib/python3.10/site-packages/sbr_pkg/__pycache__/__init__.cpython-310.pyc
/home/rob/dev_ws/src/sbr_pkg/install/sbr_pkg/lib/python3.10/site-packages/sbr_pkg/__pycache__/control.cpython-310.pyc
/home/rob/dev_ws/src/sbr_pkg/install/sbr_pkg/share/ament_index/resource_index/packages/sbr_pkg
/home/rob/dev_ws/src/sbr_pkg/install/sbr_pkg/share/sbr_pkg/package.xml
/home/rob/dev_ws/src/sbr_pkg/install/sbr_pkg/share/sbr_pkg/launch/sim.launch.py
/home/rob/dev_ws/src/sbr_pkg/install/sbr_pkg/share/sbr_pkg/urdf/two_wheeled_copied.xacro
/home/rob/dev_ws/src/sbr_pkg/install/sbr_pkg/share/sbr_pkg/urdf/two_wheeled.xacro
/home/rob/dev_ws/src/sbr_pkg/install/sbr_pkg/share/sbr_pkg/urdf/diff_drive_robot.xacro
/home/rob/dev_ws/src/sbr_pkg/install/sbr_pkg/lib/python3.10/site-packages/sbr_pkg-0.0.0-py3.10.egg-info/PKG-INFO
/home/rob/dev_ws/src/sbr_pkg/install/sbr_pkg/lib/python3.10/site-packages/sbr_pkg-0.0.0-py3.10.egg-info/SOURCES.txt
/home/rob/dev_ws/src/sbr_pkg/install/sbr_pkg/lib/python3.10/site-packages/sbr_pkg-0.0.0-py3.10.egg-info/top_level.txt
/home/rob/dev_ws/src/sbr_pkg/install/sbr_pkg/lib/python3.10/site-packages/sbr_pkg-0.0.0-py3.10.egg-info/zip-safe
/home/rob/dev_ws/src/sbr_pkg/install/sbr_pkg/lib/python3.10/site-packages/sbr_pkg-0.0.0-py3.10.egg-info/dependency_links.txt
/home/rob/dev_ws/src/sbr_pkg/install/sbr_pkg/lib/python3.10/site-packages/sbr_pkg-0.0.0-py3.10.egg-info/requires.txt
/home/rob/dev_ws/src/sbr_pkg/install/sbr_pkg/lib/python3.10/site-packages/sbr_pkg-0.0.0-py3.10.egg-info/entry_points.txt
/home/rob/dev_ws/src/sbr_pkg/install/sbr_pkg/lib/sbr_pkg/control
/home/rob/dev_ws/src/sbr_pkg/install/sbr_pkg/lib/sbr_pkg/simple_sub
