[0.502s] Invoking command in '/home/rob/dev_ws/src/sbr_pkg': PYTHONPATH=/home/rob/dev_ws/src/sbr_pkg/build/sbr_pkg/prefix_override:/home/rob/dev_ws/src/sbr_pkg/install/sbr_pkg/lib/python3.10/site-packages:${PYTHONPATH} /usr/bin/python3 setup.py egg_info --egg-base build/sbr_pkg build --build-base /home/rob/dev_ws/src/sbr_pkg/build/sbr_pkg/build install --record /home/rob/dev_ws/src/sbr_pkg/build/sbr_pkg/install.log --single-version-externally-managed
[0.690s] running egg_info
[0.691s] creating build/sbr_pkg/sbr_pkg.egg-info
[0.691s] writing build/sbr_pkg/sbr_pkg.egg-info/PKG-INFO
[0.691s] writing dependency_links to build/sbr_pkg/sbr_pkg.egg-info/dependency_links.txt
[0.691s] writing entry points to build/sbr_pkg/sbr_pkg.egg-info/entry_points.txt
[0.692s] writing requirements to build/sbr_pkg/sbr_pkg.egg-info/requires.txt
[0.692s] writing top-level names to build/sbr_pkg/sbr_pkg.egg-info/top_level.txt
[0.692s] writing manifest file 'build/sbr_pkg/sbr_pkg.egg-info/SOURCES.txt'
[0.693s] reading manifest file 'build/sbr_pkg/sbr_pkg.egg-info/SOURCES.txt'
[0.693s] writing manifest file 'build/sbr_pkg/sbr_pkg.egg-info/SOURCES.txt'
[0.694s] running build
[0.694s] running build_py
[0.694s] creating /home/rob/dev_ws/src/sbr_pkg/build/sbr_pkg/build
[0.694s] creating /home/rob/dev_ws/src/sbr_pkg/build/sbr_pkg/build/lib
[0.695s] creating /home/rob/dev_ws/src/sbr_pkg/build/sbr_pkg/build/lib/sbr_pkg
[0.695s] copying sbr_pkg/simple_subscriber.py -> /home/rob/dev_ws/src/sbr_pkg/build/sbr_pkg/build/lib/sbr_pkg
[0.695s] copying sbr_pkg/__init__.py -> /home/rob/dev_ws/src/sbr_pkg/build/sbr_pkg/build/lib/sbr_pkg
[0.695s] copying sbr_pkg/control.py -> /home/rob/dev_ws/src/sbr_pkg/build/sbr_pkg/build/lib/sbr_pkg
[0.695s] running install
[0.695s] /usr/lib/python3/dist-packages/setuptools/command/install.py:34: SetuptoolsDeprecationWarning: setup.py install is deprecated. Use build and pip and other standards-based tools.
[0.695s]   warnings.warn(
[0.696s] running install_lib
[0.696s] creating /home/rob/dev_ws/src/sbr_pkg/install/sbr_pkg/lib/python3.10/site-packages/sbr_pkg
[0.696s] copying /home/rob/dev_ws/src/sbr_pkg/build/sbr_pkg/build/lib/sbr_pkg/simple_subscriber.py -> /home/rob/dev_ws/src/sbr_pkg/install/sbr_pkg/lib/python3.10/site-packages/sbr_pkg
[0.696s] copying /home/rob/dev_ws/src/sbr_pkg/build/sbr_pkg/build/lib/sbr_pkg/__init__.py -> /home/rob/dev_ws/src/sbr_pkg/install/sbr_pkg/lib/python3.10/site-packages/sbr_pkg
[0.696s] copying /home/rob/dev_ws/src/sbr_pkg/build/sbr_pkg/build/lib/sbr_pkg/control.py -> /home/rob/dev_ws/src/sbr_pkg/install/sbr_pkg/lib/python3.10/site-packages/sbr_pkg
[0.696s] byte-compiling /home/rob/dev_ws/src/sbr_pkg/install/sbr_pkg/lib/python3.10/site-packages/sbr_pkg/simple_subscriber.py to simple_subscriber.cpython-310.pyc
[0.697s] byte-compiling /home/rob/dev_ws/src/sbr_pkg/install/sbr_pkg/lib/python3.10/site-packages/sbr_pkg/__init__.py to __init__.cpython-310.pyc
[0.697s] byte-compiling /home/rob/dev_ws/src/sbr_pkg/install/sbr_pkg/lib/python3.10/site-packages/sbr_pkg/control.py to control.cpython-310.pyc
[0.697s] running install_data
[0.697s] creating /home/rob/dev_ws/src/sbr_pkg/install/sbr_pkg/share/ament_index
[0.697s] creating /home/rob/dev_ws/src/sbr_pkg/install/sbr_pkg/share/ament_index/resource_index
[0.697s] creating /home/rob/dev_ws/src/sbr_pkg/install/sbr_pkg/share/ament_index/resource_index/packages
[0.697s] copying resource/sbr_pkg -> /home/rob/dev_ws/src/sbr_pkg/install/sbr_pkg/share/ament_index/resource_index/packages
[0.698s] copying package.xml -> /home/rob/dev_ws/src/sbr_pkg/install/sbr_pkg/share/sbr_pkg
[0.698s] creating /home/rob/dev_ws/src/sbr_pkg/install/sbr_pkg/share/sbr_pkg/launch
[0.698s] copying launch/sim.launch.py -> /home/rob/dev_ws/src/sbr_pkg/install/sbr_pkg/share/sbr_pkg/launch
[0.698s] creating /home/rob/dev_ws/src/sbr_pkg/install/sbr_pkg/share/sbr_pkg/urdf
[0.698s] copying urdf/two_wheeled_copied.xacro -> /home/rob/dev_ws/src/sbr_pkg/install/sbr_pkg/share/sbr_pkg/urdf
[0.698s] copying urdf/diff_drive_robot.xacro -> /home/rob/dev_ws/src/sbr_pkg/install/sbr_pkg/share/sbr_pkg/urdf
[0.699s] running install_egg_info
[0.699s] Copying build/sbr_pkg/sbr_pkg.egg-info to /home/rob/dev_ws/src/sbr_pkg/install/sbr_pkg/lib/python3.10/site-packages/sbr_pkg-0.0.0-py3.10.egg-info
[0.699s] running install_scripts
[0.714s] Installing simple_sub script to /home/rob/dev_ws/src/sbr_pkg/install/sbr_pkg/lib/sbr_pkg
[0.714s] writing list of installed files to '/home/rob/dev_ws/src/sbr_pkg/build/sbr_pkg/install.log'
[0.742s] Invoked command in '/home/rob/dev_ws/src/sbr_pkg' returned '0': PYTHONPATH=/home/rob/dev_ws/src/sbr_pkg/build/sbr_pkg/prefix_override:/home/rob/dev_ws/src/sbr_pkg/install/sbr_pkg/lib/python3.10/site-packages:${PYTHONPATH} /usr/bin/python3 setup.py egg_info --egg-base build/sbr_pkg build --build-base /home/rob/dev_ws/src/sbr_pkg/build/sbr_pkg/build install --record /home/rob/dev_ws/src/sbr_pkg/build/sbr_pkg/install.log --single-version-externally-managed
